<?xml version="1.0" encoding="UTF-8"?>
<testng-results ignored="0" total="8" passed="8" failed="0" skipped="0">
  <reporter-output>
  </reporter-output>
  <suite started-at="2022-07-25T15:33:42 IST" name="Default suite" finished-at="2022-07-25T15:34:48 IST" duration-ms="65347">
    <groups>
    </groups>
    <test started-at="2022-07-25T15:33:42 IST" name="Default test" finished-at="2022-07-25T15:34:48 IST" duration-ms="65347">
      <class name="com.sgtesting.parameterization.LoginCreateDeleteUserLogoutScenario">
        <test-method signature="launchBrowser()[pri:1, instance:com.sgtesting.parameterization.LoginCreateDeleteUserLogoutScenario@25084a1e]" started-at="2022-07-25T15:33:42 IST" name="launchBrowser" finished-at="2022-07-25T15:33:57 IST" duration-ms="14585" status="PASS">
          <reporter-output>
          </reporter-output>
        </test-method> <!-- launchBrowser -->
        <test-method signature="navigate()[pri:2, instance:com.sgtesting.parameterization.LoginCreateDeleteUserLogoutScenario@25084a1e]" started-at="2022-07-25T15:33:57 IST" name="navigate" finished-at="2022-07-25T15:34:18 IST" duration-ms="21367" status="PASS">
          <reporter-output>
          </reporter-output>
        </test-method> <!-- navigate -->
        <test-method signature="login(java.lang.String,java.lang.String)[pri:3, instance:com.sgtesting.parameterization.LoginCreateDeleteUserLogoutScenario@25084a1e]" started-at="2022-07-25T15:34:18 IST" name="login" data-provider="getCredentials" finished-at="2022-07-25T15:34:26 IST" duration-ms="7784" status="PASS">
          <params>
            <param index="0">
              <value>
                <![CDATA[admin]]>
              </value>
            </param>
            <param index="1">
              <value>
                <![CDATA[manager]]>
              </value>
            </param>
          </params>
          <reporter-output>
          </reporter-output>
        </test-method> <!-- login -->
        <test-method signature="minimizeFlyoutWindow()[pri:4, instance:com.sgtesting.parameterization.LoginCreateDeleteUserLogoutScenario@25084a1e]" started-at="2022-07-25T15:34:26 IST" name="minimizeFlyoutWindow" finished-at="2022-07-25T15:34:27 IST" duration-ms="1096" status="PASS">
          <reporter-output>
          </reporter-output>
        </test-method> <!-- minimizeFlyoutWindow -->
        <test-method signature="createUser(java.lang.String,java.lang.String,java.lang.String,java.lang.String,java.lang.String,java.lang.String)[pri:5, instance:com.sgtesting.parameterization.LoginCreateDeleteUserLogoutScenario@25084a1e]" started-at="2022-07-25T15:34:27 IST" name="createUser" data-provider="getUser" finished-at="2022-07-25T15:34:44 IST" duration-ms="16602" status="PASS">
          <params>
            <param index="0">
              <value>
                <![CDATA[Chaitra]]>
              </value>
            </param>
            <param index="1">
              <value>
                <![CDATA[Tumkur]]>
              </value>
            </param>
            <param index="2">
              <value>
                <![CDATA[chaitra@gmail]]>
              </value>
            </param>
            <param index="3">
              <value>
                <![CDATA[ChaitraTN]]>
              </value>
            </param>
            <param index="4">
              <value>
                <![CDATA[123456]]>
              </value>
            </param>
            <param index="5">
              <value>
                <![CDATA[123456]]>
              </value>
            </param>
          </params>
          <reporter-output>
          </reporter-output>
        </test-method> <!-- createUser -->
        <test-method signature="deleteUser()[pri:6, instance:com.sgtesting.parameterization.LoginCreateDeleteUserLogoutScenario@25084a1e]" started-at="2022-07-25T15:34:44 IST" name="deleteUser" finished-at="2022-07-25T15:34:46 IST" duration-ms="2041" status="PASS">
          <reporter-output>
          </reporter-output>
        </test-method> <!-- deleteUser -->
        <test-method signature="logout()[pri:7, instance:com.sgtesting.parameterization.LoginCreateDeleteUserLogoutScenario@25084a1e]" started-at="2022-07-25T15:34:46 IST" name="logout" finished-at="2022-07-25T15:34:47 IST" duration-ms="1127" status="PASS">
          <reporter-output>
          </reporter-output>
        </test-method> <!-- logout -->
        <test-method signature="closeApplication()[pri:8, instance:com.sgtesting.parameterization.LoginCreateDeleteUserLogoutScenario@25084a1e]" started-at="2022-07-25T15:34:47 IST" name="closeApplication" finished-at="2022-07-25T15:34:48 IST" duration-ms="620" status="PASS">
          <reporter-output>
          </reporter-output>
        </test-method> <!-- closeApplication -->
      </class> <!-- com.sgtesting.parameterization.LoginCreateDeleteUserLogoutScenario -->
    </test> <!-- Default test -->
  </suite> <!-- Default suite -->
</testng-results>
