<?xml version="1.0" encoding="UTF-8"?>
<!-- Generated by org.testng.reporters.JUnitXMLReporter -->
<testsuite ignored="0" hostname="DESKTOP-D8ST4I6" failures="0" tests="8" name="Default test" time="65.347" errors="0" timestamp="2022-07-25T15:34:48 IST">
  <testcase classname="com.sgtesting.parameterization.LoginCreateDeleteUserLogoutScenario" name="launchBrowser" time="14.585"/>
  <testcase classname="com.sgtesting.parameterization.LoginCreateDeleteUserLogoutScenario" name="navigate" time="21.367"/>
  <testcase classname="com.sgtesting.parameterization.LoginCreateDeleteUserLogoutScenario" name="login" time="7.784"/>
  <testcase classname="com.sgtesting.parameterization.LoginCreateDeleteUserLogoutScenario" name="minimizeFlyoutWindow" time="1.096"/>
  <testcase classname="com.sgtesting.parameterization.LoginCreateDeleteUserLogoutScenario" name="createUser" time="16.602"/>
  <testcase classname="com.sgtesting.parameterization.LoginCreateDeleteUserLogoutScenario" name="deleteUser" time="2.041"/>
  <testcase classname="com.sgtesting.parameterization.LoginCreateDeleteUserLogoutScenario" name="logout" time="1.127"/>
  <testcase classname="com.sgtesting.parameterization.LoginCreateDeleteUserLogoutScenario" name="closeApplication" time="0.62"/>
</testsuite> <!-- Default test -->
