<?xml version="1.0" encoding="UTF-8"?>
<!-- Generated by org.testng.reporters.JUnitXMLReporter -->
<testsuite ignored="0" hostname="DESKTOP-D8ST4I6" failures="0" tests="67" name="CreateDeleteUsers" time="499.76" errors="0" timestamp="2022-07-23T23:29:37 IST">
  <testcase classname="com.sgtesting.parameterization.LoginCreateDeleteUserLogoutScenario" name="launchBrowser" time="24.041"/>
  <testcase classname="com.sgtesting.parameterization.LoginCreateDeleteUserLogoutScenario" name="navigate" time="11.892"/>
  <testcase classname="com.sgtesting.parameterization.LoginCreateDeleteUserLogoutScenario" name="login" time="5.572"/>
  <testcase classname="com.sgtesting.parameterization.LoginCreateDeleteUserLogoutScenario" name="minimizeFlyoutWindow" time="7.201"/>
  <testcase classname="com.sgtesting.parameterization.LoginCreateDeleteUserLogoutScenario" name="createUser" time="23.064"/>
  <testcase classname="com.sgtesting.parameterization.LoginCreateDeleteUserLogoutScenario" name="deleteUser" time="5.968"/>
  <testcase classname="com.sgtesting.parameterization.LoginCreateDeleteUserLogoutScenario" name="logout" time="1.439"/>
  <testcase classname="com.sgtesting.parameterization.LoginCreateDeleteUserLogoutScenario" name="closeApplication" time="4.64"/>
  <testcase classname="com.sgtesting.parameterization.CreateModifyDeleteUser" name="launchBrowser" time="10.976"/>
  <testcase classname="com.sgtesting.parameterization.CreateModifyDeleteUser" name="navigate" time="13.666"/>
  <testcase classname="com.sgtesting.parameterization.CreateModifyDeleteUser" name="login" time="5.384"/>
  <testcase classname="com.sgtesting.parameterization.CreateModifyDeleteUser" name="minimizeFlyoutWindow" time="5.718"/>
  <testcase classname="com.sgtesting.parameterization.CreateModifyDeleteUser" name="createUser" time="19.384"/>
  <testcase classname="com.sgtesting.parameterization.CreateModifyDeleteUser" name="modifyUser" time="6.571"/>
  <testcase classname="com.sgtesting.parameterization.CreateModifyDeleteUser" name="deleteUser" time="9.503"/>
  <testcase classname="com.sgtesting.parameterization.CreateModifyDeleteUser" name="logout" time="1.159"/>
  <testcase classname="com.sgtesting.parameterization.CreateModifyDeleteUser" name="closeApplication" time="1.578"/>
  <testcase classname="com.sgtesting.parameterization.CreateDeleteCustomer" name="launchBrowser" time="6.397"/>
  <testcase classname="com.sgtesting.parameterization.CreateDeleteCustomer" name="navigate" time="11.105"/>
  <testcase classname="com.sgtesting.parameterization.CreateDeleteCustomer" name="login" time="5.388"/>
  <testcase classname="com.sgtesting.parameterization.CreateDeleteCustomer" name="minimizeFlyoutWindow" time="2.568"/>
  <testcase classname="com.sgtesting.parameterization.CreateDeleteCustomer" name="createCustomer" time="19.322"/>
  <testcase classname="com.sgtesting.parameterization.CreateDeleteCustomer" name="deleteCustomer" time="11.56"/>
  <testcase classname="com.sgtesting.parameterization.CreateDeleteCustomer" name="logout" time="4.394"/>
  <testcase classname="com.sgtesting.parameterization.CreateDeleteCustomer" name="closeApplication" time="0.686"/>
  <testcase classname="com.sgtesting.parameterization.CreateModifyDeleteCustomer" name="launchBrowser" time="4.735"/>
  <testcase classname="com.sgtesting.parameterization.CreateModifyDeleteCustomer" name="navigate" time="12.442"/>
  <testcase classname="com.sgtesting.parameterization.CreateModifyDeleteCustomer" name="login" time="5.356"/>
  <testcase classname="com.sgtesting.parameterization.CreateModifyDeleteCustomer" name="minimizeFlyoutWindow" time="2.22"/>
  <testcase classname="com.sgtesting.parameterization.CreateModifyDeleteCustomer" name="createCustomer" time="15.262"/>
  <testcase classname="com.sgtesting.parameterization.CreateModifyDeleteCustomer" name="modifyCustomer" time="8.759"/>
  <testcase classname="com.sgtesting.parameterization.CreateModifyDeleteCustomer" name="deleteCustomer" time="3.27"/>
  <testcase classname="com.sgtesting.parameterization.CreateModifyDeleteCustomer" name="logout" time="4.942"/>
  <testcase classname="com.sgtesting.parameterization.CreateModifyDeleteCustomer" name="closeApplication" time="8.503"/>
  <testcase classname="com.sgtesting.parameterization.CreateDeleteCustomerCreateDeleteProject" name="launchBrowser" time="7.319"/>
  <testcase classname="com.sgtesting.parameterization.CreateDeleteCustomerCreateDeleteProject" name="navigate" time="12.217"/>
  <testcase classname="com.sgtesting.parameterization.CreateDeleteCustomerCreateDeleteProject" name="login" time="5.363"/>
  <testcase classname="com.sgtesting.parameterization.CreateDeleteCustomerCreateDeleteProject" name="minimizeFlyoutWindow" time="6.591"/>
  <testcase classname="com.sgtesting.parameterization.CreateDeleteCustomerCreateDeleteProject" name="createCustomer" time="13.26"/>
  <testcase classname="com.sgtesting.parameterization.CreateDeleteCustomerCreateDeleteProject" name="createProject" time="1.141"/>
  <testcase classname="com.sgtesting.parameterization.CreateDeleteCustomerCreateDeleteProject" name="deleteProject" time="0.03"/>
  <testcase classname="com.sgtesting.parameterization.CreateDeleteCustomerCreateDeleteProject" name="deleteCustomer" time="1.109"/>
  <testcase classname="com.sgtesting.parameterization.CreateDeleteCustomerCreateDeleteProject" name="logout" time="1.174"/>
  <testcase classname="com.sgtesting.parameterization.CreateDeleteCustomerCreateDeleteProject" name="closeApplication" time="0.603"/>
  <testcase classname="com.sgtesting.parameterization.CreateDeleteCustomerCreateModifyDeleteProject" name="launchBrowser" time="4.281"/>
  <testcase classname="com.sgtesting.parameterization.CreateDeleteCustomerCreateModifyDeleteProject" name="navigate" time="15.555"/>
  <testcase classname="com.sgtesting.parameterization.CreateDeleteCustomerCreateModifyDeleteProject" name="login" time="5.397"/>
  <testcase classname="com.sgtesting.parameterization.CreateDeleteCustomerCreateModifyDeleteProject" name="minimizeFlyoutWindow" time="1.119"/>
  <testcase classname="com.sgtesting.parameterization.CreateDeleteCustomerCreateModifyDeleteProject" name="createCustomer" time="15.7"/>
  <testcase classname="com.sgtesting.parameterization.CreateDeleteCustomerCreateModifyDeleteProject" name="createProject" time="13.529"/>
  <testcase classname="com.sgtesting.parameterization.CreateDeleteCustomerCreateModifyDeleteProject" name="modifyProject" time="6.581"/>
  <testcase classname="com.sgtesting.parameterization.CreateDeleteCustomerCreateModifyDeleteProject" name="deleteProject" time="2.153"/>
  <testcase classname="com.sgtesting.parameterization.CreateDeleteCustomerCreateModifyDeleteProject" name="deleteCustomer" time="8.616"/>
  <testcase classname="com.sgtesting.parameterization.CreateDeleteCustomerCreateModifyDeleteProject" name="logout" time="3.767"/>
  <testcase classname="com.sgtesting.parameterization.CreateDeleteCustomerCreateModifyDeleteProject" name="closeApplication" time="0.988"/>
  <testcase classname="com.sgtesting.parameterization.CreateDeleteCustomerProjectTasks" name="launchBrowser" time="3.843"/>
  <testcase classname="com.sgtesting.parameterization.CreateDeleteCustomerProjectTasks" name="navigate" time="10.847"/>
  <testcase classname="com.sgtesting.parameterization.CreateDeleteCustomerProjectTasks" name="login" time="5.424"/>
  <testcase classname="com.sgtesting.parameterization.CreateDeleteCustomerProjectTasks" name="minimizeFlyoutWindow" time="3.174"/>
  <testcase classname="com.sgtesting.parameterization.CreateDeleteCustomerProjectTasks" name="createCustomer" time="13.217"/>
  <testcase classname="com.sgtesting.parameterization.CreateDeleteCustomerProjectTasks" name="createProject" time="11.027"/>
  <testcase classname="com.sgtesting.parameterization.CreateDeleteCustomerProjectTasks" name="createTasks" time="8.725"/>
  <testcase classname="com.sgtesting.parameterization.CreateDeleteCustomerProjectTasks" name="deleteTasks" time="8.537"/>
  <testcase classname="com.sgtesting.parameterization.CreateDeleteCustomerProjectTasks" name="deleteProject" time="8.577"/>
  <testcase classname="com.sgtesting.parameterization.CreateDeleteCustomerProjectTasks" name="deleteCustomer" time="8.631"/>
  <testcase classname="com.sgtesting.parameterization.CreateDeleteCustomerProjectTasks" name="logout" time="4.245"/>
  <testcase classname="com.sgtesting.parameterization.CreateDeleteCustomerProjectTasks" name="closeApplication" time="1.85"/>
</testsuite> <!-- CreateDeleteUsers -->
