<?xml version="1.0" encoding="UTF-8"?>
<!-- Generated by org.testng.reporters.JUnitXMLReporter -->
<testsuite ignored="3" hostname="DESKTOP-D8ST4I6" failures="0" tests="3" name="group testcases" time="0.111" errors="0" timestamp="2022-07-25T14:29:43 IST">
  <testcase classname="com.sgtesting.groupsdemo.GroupsDemo" name="method1" time="0.016"/>
  <testcase classname="com.sgtesting.groupsdemo.GroupsDemo" name="method3" time="0.004"/>
  <testcase classname="com.sgtesting.groupsdemo.GroupsDemo" name="method5" time="0.01"/>
  <testcase classname="com.sgtesting.groupsdemo.GroupsDemo" name="method4" time="0.0">
    <ignored/>
  </testcase> <!-- method4 -->
  <testcase classname="com.sgtesting.groupsdemo.GroupsDemo" name="method6" time="0.0">
    <ignored/>
  </testcase> <!-- method6 -->
  <testcase classname="com.sgtesting.groupsdemo.GroupsDemo" name="method2" time="0.0">
    <ignored/>
  </testcase> <!-- method2 -->
</testsuite> <!-- group testcases -->
